[debug] [2023-05-24T21:15:49.163Z] ----------------------------------------------------------------------
[debug] [2023-05-24T21:15:49.166Z] Command:       C:\Program Files\nodejs\node.exe C:\Users\GioMarcolla\AppData\Roaming\npm\node_modules\firebase-tools\lib\bin\firebase.js init
[debug] [2023-05-24T21:15:49.166Z] CLI Version:   12.2.0
[debug] [2023-05-24T21:15:49.166Z] Platform:      win32
[debug] [2023-05-24T21:15:49.166Z] Node Version:  v20.2.0
[debug] [2023-05-24T21:15:49.166Z] Time:          Wed May 24 2023 18:15:49 GMT-0300 (Brasilia Standard Time)
[debug] [2023-05-24T21:15:49.167Z] ----------------------------------------------------------------------
[debug] 
[debug] [2023-05-24T21:15:49.245Z] > command requires scopes: ["email","openid","https://www.googleapis.com/auth/cloudplatformprojects.readonly","https://www.googleapis.com/auth/firebase","https://www.googleapis.com/auth/cloud-platform"]
[debug] [2023-05-24T21:15:49.245Z] > authorizing via signed-in user (geted602@gmail.com)
[info] 
     ######## #### ########  ######## ########     ###     ######  ########
     ##        ##  ##     ## ##       ##     ##  ##   ##  ##       ##
     ######    ##  ########  ######   ########  #########  ######  ######
     ##        ##  ##    ##  ##       ##     ## ##     ##       ## ##
     ##       #### ##     ## ######## ########  ##     ##  ######  ########

You're about to initialize a Firebase project in this directory:

  D:\ZM\UC\UniConnect

Before we get started, keep in mind:

  * You are initializing within an existing Firebase project directory

